[2025-09-18T05:08:05.938Z] [INFO] Éxito: Escribió 6 items a products.json
[2025-09-18T05:08:27.988Z] [INFO] Éxito: Escribió 6 items a products.json
[2025-09-18T06:28:11.094Z] [INFO] Éxito: Escribió 6 items a products.json
[2025-09-23T05:04:50.671Z] [INFO] Éxito: Escribió 6 items a products.json
[2025-09-23T05:06:05.361Z] [INFO] Éxito: Escribió 6 items a products.json (ID Producto: 6)
[2025-09-25T06:44:14.972Z] [INFO] Éxito: Escribió 6 items a products.json (ID Producto: 1)
[2025-09-25T06:48:41.732Z] [INFO] Éxito: Escribió 6 items a products.json (ID Producto: 4)
[2025-09-25T06:50:16.367Z] [INFO] Éxito: Escribió 10 categorías a categories.json (ID Categoría: 10)
[2025-09-25T06:51:24.382Z] [INFO] Éxito: Escribió 11 categorías a categories.json (ID Categoría: 11)
[2025-09-25T06:51:50.778Z] [INFO] Éxito: Escribió 11 categorías a categories.json (ID Categoría: 7)
[2025-09-25T06:51:57.610Z] [INFO] Éxito: Escribió 12 categorías a categories.json (ID Categoría: 12)
[2025-09-25T07:07:51.041Z] [INFO] Éxito: Escribió 6 items a products.json (ID Producto: 2)
[2025-09-25T07:08:25.599Z] [INFO] Éxito: Escribió 6 items a products.json (ID Producto: 4)
[2025-09-25T07:08:37.145Z] [INFO] Éxito: Escribió 6 items a products.json (ID Producto: 5)
[2025-09-25T07:10:41.885Z] [INFO] Éxito: Escribió 7 items a products.json (ID Producto: 7)
[2025-09-25T07:10:41.888Z] [INFO] Éxito: Escribió 18 items a inventory-movements.json (ID Producto: 7)
[2025-09-25T07:12:16.522Z] [INFO] Éxito: Escribió 11 marcas a brands.json (ID Marca: 11)
[2025-09-25T07:12:34.381Z] [INFO] Éxito: Escribió 13 categorías a categories.json (ID Categoría: 13)
[2025-09-25T07:12:49.688Z] [INFO] Éxito: Escribió 7 items a products.json (ID Producto: 7)
[2025-09-25T07:14:02.984Z] [INFO] Éxito: Escribió 14 categorías a categories.json (ID Categoría: 14)
[2025-09-25T07:14:45.714Z] [INFO] Éxito: Escribió 7 items a products.json (ID Producto: 3)
[2025-09-25T07:14:59.120Z] [INFO] Éxito: Escribió 7 items a products.json (ID Producto: 3)
[2025-09-25T07:17:58.338Z] [INFO] Éxito: Escribió 7 items a products.json (ID Producto: 3)
[2025-09-25T07:18:22.566Z] [INFO] Éxito: Escribió 7 items a products.json (ID Producto: 3)
[2025-09-25T07:33:56.496Z] [INFO] Éxito: Escribió 2 items a users.json
[2025-09-25T07:36:46.426Z] [INFO] Éxito: Escribió 2 items a users.json
[2025-09-25T09:55:16.046Z] [INFO] Éxito: Escribió 2 items a users.json
[2025-09-25T09:55:18.704Z] [INFO] Éxito: Escribió 2 items a users.json
[2025-09-25T09:55:25.071Z] [INFO] Éxito: Escribió 2 items a users.json
[2025-09-25T09:55:27.710Z] [INFO] Éxito: Escribió 2 items a users.json
[2025-09-25T10:22:41.543Z] [INFO] Éxito: Escribió 2 items a users.json
[2025-09-25T10:56:05.209Z] [INFO] Éxito: Escribió 2 items a users.json
[2025-09-25T10:58:15.390Z] [INFO] Éxito: Escribió 2 items a users.json
[2025-09-25T10:58:18.515Z] [INFO] Éxito: Escribió 2 items a users.json
[2025-09-25T10:58:24.200Z] [INFO] Éxito: Escribió 2 items a users.json
[2025-09-25T11:14:47.174Z] [INFO] Éxito: Escribió 2 items a users.json
[2025-09-25T11:14:48.868Z] [INFO] Éxito: Escribió 2 items a users.json
[2025-09-25T11:14:51.251Z] [INFO] Éxito: Escribió 2 items a users.json
[2025-09-25T11:14:52.403Z] [INFO] Éxito: Escribió 2 items a users.json
[2025-09-25T11:16:26.650Z] [INFO] Éxito: Escribió 2 items a users.json
[2025-09-25T11:16:30.422Z] [INFO] Éxito: Escribió 2 items a users.json
[2025-09-25T11:16:32.814Z] [INFO] Éxito: Escribió 2 items a users.json
[2025-09-25T11:16:34.507Z] [INFO] Éxito: Escribió 2 items a users.json
[2025-09-25T11:17:08.355Z] [INFO] Éxito: Escribió 2 items a users.json
[2025-09-25T11:17:10.508Z] [INFO] Éxito: Escribió 2 items a users.json
[2025-09-25T11:17:12.454Z] [INFO] Éxito: Escribió 2 items a users.json
[2025-09-26T01:53:51.369Z] [INFO] Éxito: Escribió 2 items a users.json
[2025-09-26T01:53:53.001Z] [INFO] Éxito: Escribió 2 items a users.json
[2025-09-26T01:56:47.792Z] [INFO] Éxito: Escribió 2 items a users.json
[2025-09-26T01:57:31.452Z] [INFO] Éxito: Escribió 2 items a users.json
[2025-09-26T01:57:33.223Z] [INFO] Éxito: Escribió 2 items a users.json
[2025-09-26T01:57:34.594Z] [INFO] Éxito: Escribió 2 items a users.json
[2025-09-26T01:57:35.667Z] [INFO] Éxito: Escribió 2 items a users.json
[2025-09-26T01:57:47.069Z] [INFO] Éxito: Escribió 2 items a users.json
[2025-09-26T01:57:48.135Z] [INFO] Éxito: Escribió 2 items a users.json
[2025-09-26T01:58:11.400Z] [INFO] Éxito: Escribió 2 items a users.json
[2025-09-26T01:58:13.351Z] [INFO] Éxito: Escribió 2 items a users.json
[2025-09-26T01:58:24.211Z] [INFO] Éxito: Escribió 2 items a users.json
[2025-09-26T01:58:25.566Z] [INFO] Éxito: Escribió 2 items a users.json
[2025-09-26T01:58:34.399Z] [INFO] Éxito: Escribió 2 items a users.json
[2025-09-26T01:58:40.527Z] [INFO] Éxito: Escribió 2 items a users.json
[2025-09-26T01:58:42.915Z] [INFO] Éxito: Escribió 2 items a users.json
[2025-09-26T01:59:15.801Z] [INFO] Éxito: Escribió 2 items a users.json
[2025-09-26T01:59:17.760Z] [INFO] Éxito: Escribió 2 items a users.json
[2025-09-26T02:15:55.467Z] [INFO] Éxito: Escribió 2 items a users.json
[2025-09-26T02:15:58.166Z] [INFO] Éxito: Escribió 2 items a users.json
[2025-09-26T02:28:01.603Z] [INFO] Éxito: Escribió 2 items a users.json
[2025-09-26T02:28:03.681Z] [INFO] Éxito: Escribió 2 items a users.json
[2025-09-26T02:28:05.251Z] [INFO] Éxito: Escribió 2 items a users.json
[2025-09-26T02:28:06.483Z] [INFO] Éxito: Escribió 2 items a users.json
[2025-09-26T02:28:09.443Z] [INFO] Éxito: Escribió 2 items a users.json
[2025-09-26T02:28:11.082Z] [INFO] Éxito: Escribió 2 items a users.json
[2025-09-26T02:28:12.302Z] [INFO] Éxito: Escribió 2 items a users.json
[2025-09-26T02:28:15.229Z] [INFO] Éxito: Escribió 2 items a users.json
[2025-09-26T02:29:57.611Z] [INFO] Éxito: Escribió 2 items a users.json
[2025-09-26T02:30:10.221Z] [INFO] Éxito: Escribió 2 items a users.json
[2025-09-26T02:30:14.005Z] [INFO] Éxito: Escribió 2 items a users.json
[2025-09-26T02:30:14.503Z] [INFO] Éxito: Escribió 2 items a users.json
[2025-09-26T02:30:14.947Z] [INFO] Éxito: Escribió 2 items a users.json
[2025-09-26T02:30:15.303Z] [INFO] Éxito: Escribió 2 items a users.json
[2025-09-26T02:30:15.811Z] [INFO] Éxito: Escribió 2 items a users.json
[2025-09-26T02:30:16.200Z] [INFO] Éxito: Escribió 2 items a users.json
[2025-09-26T02:30:16.676Z] [INFO] Éxito: Escribió 2 items a users.json
[2025-09-26T02:30:17.158Z] [INFO] Éxito: Escribió 2 items a users.json
[2025-09-26T02:30:17.534Z] [INFO] Éxito: Escribió 2 items a users.json
[2025-09-26T02:30:17.984Z] [INFO] Éxito: Escribió 2 items a users.json
[2025-09-26T02:30:18.531Z] [INFO] Éxito: Escribió 2 items a users.json
[2025-09-26T02:30:20.806Z] [INFO] Éxito: Escribió 2 items a users.json
[2025-09-26T02:31:57.032Z] [INFO] Éxito: Escribió 2 items a users.json
[2025-09-26T02:31:59.716Z] [INFO] Éxito: Escribió 2 items a users.json
[2025-09-26T02:32:21.906Z] [INFO] Éxito: Escribió 2 items a users.json
[2025-09-26T02:32:23.142Z] [INFO] Éxito: Escribió 2 items a users.json
[2025-09-26T02:32:24.056Z] [INFO] Éxito: Escribió 2 items a users.json
[2025-09-26T02:32:24.769Z] [INFO] Éxito: Escribió 2 items a users.json
[2025-09-26T02:32:25.771Z] [INFO] Éxito: Escribió 2 items a users.json
[2025-09-26T02:32:26.550Z] [INFO] Éxito: Escribió 2 items a users.json
[2025-09-26T02:32:27.737Z] [INFO] Éxito: Escribió 2 items a users.json
[2025-09-26T02:32:28.719Z] [INFO] Éxito: Escribió 2 items a users.json
[2025-09-26T02:32:29.452Z] [INFO] Éxito: Escribió 2 items a users.json
[2025-09-26T02:32:30.239Z] [INFO] Éxito: Escribió 2 items a users.json
[2025-09-26T02:32:30.975Z] [INFO] Éxito: Escribió 2 items a users.json
[2025-09-26T02:32:31.611Z] [INFO] Éxito: Escribió 2 items a users.json
[2025-09-26T02:33:05.680Z] [INFO] Éxito: Escribió 2 items a users.json
[2025-09-26T02:33:07.808Z] [INFO] Éxito: Escribió 2 items a users.json
[2025-09-26T02:33:08.768Z] [INFO] Éxito: Escribió 2 items a users.json
[2025-09-26T02:33:09.824Z] [INFO] Éxito: Escribió 2 items a users.json
[2025-09-26T02:33:10.853Z] [INFO] Éxito: Escribió 2 items a users.json
[2025-09-26T02:33:12.436Z] [INFO] Éxito: Escribió 2 items a users.json
[2025-09-26T02:33:13.250Z] [INFO] Éxito: Escribió 2 items a users.json
[2025-09-26T02:33:14.275Z] [INFO] Éxito: Escribió 2 items a users.json
[2025-09-26T02:33:14.877Z] [INFO] Éxito: Escribió 2 items a users.json
[2025-09-26T02:33:15.407Z] [INFO] Éxito: Escribió 2 items a users.json
[2025-09-26T02:33:15.890Z] [INFO] Éxito: Escribió 2 items a users.json
[2025-09-26T02:33:16.235Z] [INFO] Éxito: Escribió 2 items a users.json
[2025-09-26T02:40:50.914Z] [INFO] Éxito: Escribió 2 items a users.json
[2025-09-26T02:40:52.913Z] [INFO] Éxito: Escribió 2 items a users.json
[2025-09-26T02:40:53.735Z] [INFO] Éxito: Escribió 2 items a users.json
[2025-09-26T02:41:03.347Z] [INFO] Éxito: Escribió 2 items a users.json
[2025-09-26T02:41:05.349Z] [INFO] Éxito: Escribió 2 items a users.json
[2025-09-26T02:41:06.990Z] [INFO] Éxito: Escribió 2 items a users.json
[2025-09-26T02:41:11.629Z] [INFO] Éxito: Escribió 2 items a users.json
[2025-09-26T02:41:14.668Z] [INFO] Éxito: Escribió 2 items a users.json
[2025-09-26T02:41:15.863Z] [INFO] Éxito: Escribió 2 items a users.json
[2025-09-26T02:41:17.117Z] [INFO] Éxito: Escribió 2 items a users.json
[2025-09-26T02:41:18.023Z] [INFO] Éxito: Escribió 2 items a users.json
[2025-09-26T02:41:18.791Z] [INFO] Éxito: Escribió 2 items a users.json
[2025-09-26T02:41:19.726Z] [INFO] Éxito: Escribió 2 items a users.json
[2025-09-26T02:41:20.599Z] [INFO] Éxito: Escribió 2 items a users.json
[2025-09-26T02:41:48.994Z] [INFO] Éxito: Escribió 2 items a users.json
[2025-09-26T02:41:50.910Z] [INFO] Éxito: Escribió 2 items a users.json
[2025-09-26T02:41:53.449Z] [INFO] Éxito: Escribió 2 items a users.json
[2025-09-26T02:41:55.312Z] [INFO] Éxito: Escribió 2 items a users.json
[2025-09-26T02:42:27.508Z] [INFO] Éxito: Escribió 2 items a users.json
[2025-09-26T02:42:29.176Z] [INFO] Éxito: Escribió 2 items a users.json
[2025-09-26T02:42:30.428Z] [INFO] Éxito: Escribió 2 items a users.json
[2025-09-26T02:42:32.053Z] [INFO] Éxito: Escribió 2 items a users.json
[2025-09-26T02:42:32.774Z] [INFO] Éxito: Escribió 2 items a users.json
[2025-09-26T02:42:33.450Z] [INFO] Éxito: Escribió 2 items a users.json
[2025-09-26T02:42:40.212Z] [INFO] Éxito: Escribió 2 items a users.json
[2025-09-26T02:42:41.292Z] [INFO] Éxito: Escribió 2 items a users.json
[2025-09-26T02:42:43.825Z] [INFO] Éxito: Escribió 2 items a users.json
[2025-09-26T02:42:45.647Z] [INFO] Éxito: Escribió 2 items a users.json
[2025-09-26T02:42:47.069Z] [INFO] Éxito: Escribió 2 items a users.json
[2025-09-26T02:42:48.738Z] [INFO] Éxito: Escribió 2 items a users.json
[2025-09-26T02:42:49.886Z] [INFO] Éxito: Escribió 2 items a users.json
[2025-09-26T02:42:51.029Z] [INFO] Éxito: Escribió 2 items a users.json
[2025-09-26T02:42:56.399Z] [INFO] Éxito: Escribió 2 items a users.json
[2025-09-26T02:42:57.809Z] [INFO] Éxito: Escribió 2 items a users.json
